/home/jl/.local/lib/python3.13/site-packages/torch/cuda/__init__.py:61: FutureWarning: The pynvml package is deprecated. Please install nvidia-ml-py instead. If you did not install pynvml directly, please report this to the maintainers of the package that installed pynvml for you.
  import pynvml  # type: ignore[import]
/home/jl/.local/lib/python3.13/site-packages/torch/nn/modules/transformer.py:385: UserWarning: enable_nested_tensor is True, but self.use_nested_tensor is False because encoder_layer.self_attn.batch_first was not True(use batch_first for better inference performance)
  warnings.warn(
/home/jl/.local/lib/python3.13/site-packages/torch/nn/modules/transformer.py:385: UserWarning: enable_nested_tensor is True, but self.use_nested_tensor is False because encoder_layer.self_attn.batch_first was not True(use batch_first for better inference performance)
  warnings.warn(
Vocab size: 33277

=== SGD ===
Epoch 01 | Train Loss 3.0650 | Val Loss 1.3396
Epoch 02 | Train Loss 0.7328 | Val Loss 0.4077
Epoch 03 | Train Loss 0.3357 | Val Loss 0.2389
Epoch 04 | Train Loss 0.2207 | Val Loss 0.1899
Epoch 05 | Train Loss 0.1860 | Val Loss 0.1862

=== AdamW ===
Epoch 01 | Train Loss 2.8441 | Val Loss 0.4861
Epoch 02 | Train Loss 0.3766 | Val Loss 0.2125
Epoch 03 | Train Loss 0.1642 | Val Loss 0.2021
Epoch 04 | Train Loss 0.0869 | Val Loss 0.2258
Epoch 05 | Train Loss 0.0380 | Val Loss 0.2520

=== Lion ===
Epoch 01 | Train Loss 3.7394 | Val Loss 1.1331
Epoch 02 | Train Loss 1.0707 | Val Loss 0.6245
Epoch 03 | Train Loss 0.6799 | Val Loss 0.4450
Epoch 04 | Train Loss 0.4828 | Val Loss 0.3639
Epoch 05 | Train Loss 0.3603 | Val Loss 0.3267

=== Muon ===
Epoch 01 | Train Loss 8.6013 | Val Loss 7.4642
Epoch 02 | Train Loss 7.3484 | Val Loss 6.8940
Epoch 03 | Train Loss 6.9228 | Val Loss 6.5211
Epoch 04 | Train Loss 5.9236 | Val Loss 4.9506
Epoch 05 | Train Loss 4.9278 | Val Loss 4.3494
/home/jl/.local/lib/python3.13/site-packages/torch/cuda/__init__.py:61: FutureWarning: The pynvml package is deprecated. Please install nvidia-ml-py instead. If you did not install pynvml directly, please report this to the maintainers of the package that installed pynvml for you.
  import pynvml  # type: ignore[import]
/home/jl/.local/lib/python3.13/site-packages/torch/nn/modules/transformer.py:385: UserWarning: enable_nested_tensor is True, but self.use_nested_tensor is False because encoder_layer.self_attn.batch_first was not True(use batch_first for better inference performance)
  warnings.warn(
/home/jl/.local/lib/python3.13/site-packages/torch/nn/modules/transformer.py:385: UserWarning: enable_nested_tensor is True, but self.use_nested_tensor is False because encoder_layer.self_attn.batch_first was not True(use batch_first for better inference performance)
  warnings.warn(
Vocab size: 33277

=== SGD ===
Epoch 01 | Train 3.0857 | Val 1.1829
Epoch 02 | Train 0.7504 | Val 0.5072
Epoch 03 | Train 0.3419 | Val 0.2356
Epoch 04 | Train 0.2233 | Val 0.1901
Epoch 05 | Train 0.1855 | Val 0.1847
Epoch 06 | Train 0.1755 | Val 0.1908
Epoch 07 | Train 0.1677 | Val 0.1928
Epoch 08 | Train 0.1603 | Val 0.2054
Epoch 09 | Train 0.1518 | Val 0.2128
Epoch 10 | Train 0.1434 | Val 0.2200

=== AdamW ===
Epoch 01 | Train 2.8233 | Val 0.4847
Epoch 02 | Train 0.3754 | Val 0.2133
Epoch 03 | Train 0.1646 | Val 0.2009
Epoch 04 | Train 0.0876 | Val 0.2239
Epoch 05 | Train 0.0383 | Val 0.2533
Epoch 06 | Train 0.0158 | Val 0.2742
Epoch 07 | Train 0.0096 | Val 0.2904
Epoch 08 | Train 0.0086 | Val 0.2995
Epoch 09 | Train 0.0082 | Val 0.3100
Epoch 10 | Train 0.0062 | Val 0.3184

=== Lion ===
Epoch 01 | Train 3.7325 | Val 1.1298
Epoch 02 | Train 1.0694 | Val 0.6233
Epoch 03 | Train 0.6732 | Val 0.4437
Epoch 04 | Train 0.4854 | Val 0.3705
Epoch 05 | Train 0.3695 | Val 0.3323
Epoch 06 | Train 0.2934 | Val 0.3099
Epoch 07 | Train 0.2452 | Val 0.3020
Epoch 08 | Train 0.2166 | Val 0.2995
Epoch 09 | Train 0.2024 | Val 0.3036
Epoch 10 | Train 0.2021 | Val 0.3128

=== Muon ===
Epoch 01 | Train 8.6015 | Val 7.4643
Epoch 02 | Train 7.3485 | Val 6.8941
Epoch 03 | Train 6.9230 | Val 6.5218
Epoch 04 | Train 5.9230 | Val 4.9525
Epoch 05 | Train 4.9288 | Val 4.3492
Epoch 06 | Train 4.3926 | Val 3.8497
Epoch 07 | Train 3.9515 | Val 3.4270
Epoch 08 | Train 3.5683 | Val 3.0609
Epoch 09 | Train 3.2285 | Val 2.7427
Epoch 10 | Train 2.9245 | Val 2.4664
/home/jl/.local/lib/python3.13/site-packages/torch/cuda/__init__.py:61: FutureWarning: The pynvml package is deprecated. Please install nvidia-ml-py instead. If you did not install pynvml directly, please report this to the maintainers of the package that installed pynvml for you.
  import pynvml  # type: ignore[import]
/home/jl/.local/lib/python3.13/site-packages/torch/nn/modules/transformer.py:385: UserWarning: enable_nested_tensor is True, but self.use_nested_tensor is False because encoder_layer.self_attn.batch_first was not True(use batch_first for better inference performance)
  warnings.warn(
/home/jl/.local/lib/python3.13/site-packages/torch/nn/modules/transformer.py:385: UserWarning: enable_nested_tensor is True, but self.use_nested_tensor is False because encoder_layer.self_attn.batch_first was not True(use batch_first for better inference performance)
  warnings.warn(
Vocab size: 33277

=== SGD ===
Epoch 01 | Train 3.0857 | Val 1.1829
Epoch 02 | Train 0.7504 | Val 0.5072
Epoch 03 | Train 0.3419 | Val 0.2356
Epoch 04 | Train 0.2233 | Val 0.1901
Epoch 05 | Train 0.1855 | Val 0.1847
Epoch 06 | Train 0.1755 | Val 0.1908
Epoch 07 | Train 0.1677 | Val 0.1928
Epoch 08 | Train 0.1603 | Val 0.2054
Epoch 09 | Train 0.1518 | Val 0.2128
Epoch 10 | Train 0.1434 | Val 0.2200
Epoch 11 | Train 0.1342 | Val 0.2312
Epoch 12 | Train 0.1268 | Val 0.2459
Epoch 13 | Train 0.1208 | Val 0.2338
Epoch 14 | Train 0.1127 | Val 0.2568
Epoch 15 | Train 0.1069 | Val 0.2546
Epoch 16 | Train 0.1008 | Val 0.2607
Epoch 17 | Train 0.0956 | Val 0.2545
Epoch 18 | Train 0.0910 | Val 0.2558
Epoch 19 | Train 0.0857 | Val 0.2716
Epoch 20 | Train 0.0800 | Val 0.2793
Epoch 21 | Train 0.0756 | Val 0.2915
Epoch 22 | Train 0.0718 | Val 0.2941
Epoch 23 | Train 0.0673 | Val 0.3047
Epoch 24 | Train 0.0637 | Val 0.3021
Epoch 25 | Train 0.0592 | Val 0.3021
Epoch 26 | Train 0.0559 | Val 0.3046
Epoch 27 | Train 0.0522 | Val 0.3271
Epoch 28 | Train 0.0498 | Val 0.3101
Epoch 29 | Train 0.0455 | Val 0.3234
Epoch 30 | Train 0.0430 | Val 0.3230
Epoch 31 | Train 0.0400 | Val 0.3384
Epoch 32 | Train 0.0380 | Val 0.3267
Epoch 33 | Train 0.0354 | Val 0.3328
Epoch 34 | Train 0.0333 | Val 0.3365
Epoch 35 | Train 0.0316 | Val 0.3307
Epoch 36 | Train 0.0298 | Val 0.3429
Epoch 37 | Train 0.0269 | Val 0.3462
Epoch 38 | Train 0.0261 | Val 0.3434
Epoch 39 | Train 0.0241 | Val 0.3410
Epoch 40 | Train 0.0225 | Val 0.3591
Epoch 41 | Train 0.0212 | Val 0.3768
Epoch 42 | Train 0.0197 | Val 0.3637
Epoch 43 | Train 0.0188 | Val 0.3675
Epoch 44 | Train 0.0175 | Val 0.3820
Epoch 45 | Train 0.0173 | Val 0.3965
Epoch 46 | Train 0.0160 | Val 0.4047
Epoch 47 | Train 0.0148 | Val 0.3689
Epoch 48 | Train 0.0145 | Val 0.3964
Epoch 49 | Train 0.0136 | Val 0.4114
Epoch 50 | Train 0.0132 | Val 0.3927
Epoch 51 | Train 0.0119 | Val 0.4110
Epoch 52 | Train 0.0116 | Val 0.3804
Epoch 53 | Train 0.0115 | Val 0.4028
Epoch 54 | Train 0.0105 | Val 0.4186
Epoch 55 | Train 0.0107 | Val 0.4118
Epoch 56 | Train 0.0102 | Val 0.4131
Epoch 57 | Train 0.0095 | Val 0.4199
Epoch 58 | Train 0.0100 | Val 0.4369
Epoch 59 | Train 0.0089 | Val 0.4163
Epoch 60 | Train 0.0087 | Val 0.4199
Epoch 61 | Train 0.0085 | Val 0.4097
Epoch 62 | Train 0.0085 | Val 0.4177
Epoch 63 | Train 0.0088 | Val 0.4330
Epoch 64 | Train 0.0074 | Val 0.4266
Epoch 65 | Train 0.0079 | Val 0.4315
Epoch 66 | Train 0.0072 | Val 0.4211
Epoch 67 | Train 0.0068 | Val 0.4361
Epoch 68 | Train 0.0077 | Val 0.4339
Epoch 69 | Train 0.0065 | Val 0.4355
Epoch 70 | Train 0.0067 | Val 0.4297
Epoch 71 | Train 0.0058 | Val 0.4380
Epoch 72 | Train 0.0066 | Val 0.4322
Epoch 73 | Train 0.0063 | Val 0.4293
Epoch 74 | Train 0.0058 | Val 0.4513
Epoch 75 | Train 0.0062 | Val 0.4207
Epoch 76 | Train 0.0057 | Val 0.4238
Epoch 77 | Train 0.0056 | Val 0.4408
Epoch 78 | Train 0.0065 | Val 0.4369
Epoch 79 | Train 0.0057 | Val 0.4536
Epoch 80 | Train 0.0053 | Val 0.4344
Epoch 81 | Train 0.0060 | Val 0.4273
Epoch 82 | Train 0.0048 | Val 0.4292
Epoch 83 | Train 0.0048 | Val 0.4387
Epoch 84 | Train 0.0048 | Val 0.4436
Epoch 85 | Train 0.0048 | Val 0.4528
Epoch 86 | Train 0.0048 | Val 0.4393
Epoch 87 | Train 0.0047 | Val 0.4548
Epoch 88 | Train 0.0047 | Val 0.4569
Epoch 89 | Train 0.0045 | Val 0.4577
Epoch 90 | Train 0.0044 | Val 0.4682
Epoch 91 | Train 0.0051 | Val 0.4633
Epoch 92 | Train 0.0043 | Val 0.4560
Epoch 93 | Train 0.0044 | Val 0.4443
Epoch 94 | Train 0.0045 | Val 0.4573
Epoch 95 | Train 0.0045 | Val 0.4417
Epoch 96 | Train 0.0041 | Val 0.4514
Epoch 97 | Train 0.0046 | Val 0.4484
Epoch 98 | Train 0.0040 | Val 0.4751
Epoch 99 | Train 0.0040 | Val 0.4612
Epoch 100 | Train 0.0040 | Val 0.4556

=== AdamW ===
Epoch 01 | Train 2.8457 | Val 0.4872
Epoch 02 | Train 0.3778 | Val 0.2129
Epoch 03 | Train 0.1648 | Val 0.1986
Epoch 04 | Train 0.0880 | Val 0.2221
Epoch 05 | Train 0.0391 | Val 0.2500
Epoch 06 | Train 0.0162 | Val 0.2738
Epoch 07 | Train 0.0102 | Val 0.2866
Epoch 08 | Train 0.0083 | Val 0.2961
Epoch 09 | Train 0.0071 | Val 0.3074
Epoch 10 | Train 0.0060 | Val 0.3129
Epoch 11 | Train 0.0058 | Val 0.3170
Epoch 12 | Train 0.0045 | Val 0.3248
Epoch 13 | Train 0.0047 | Val 0.3255
Epoch 14 | Train 0.0048 | Val 0.3335
Epoch 15 | Train 0.0039 | Val 0.3355
Epoch 16 | Train 0.0044 | Val 0.3410
Epoch 17 | Train 0.0033 | Val 0.3393
Epoch 18 | Train 0.0039 | Val 0.3414
Epoch 19 | Train 0.0035 | Val 0.3454
Epoch 20 | Train 0.0033 | Val 0.3456
Epoch 21 | Train 0.0036 | Val 0.3464
Epoch 22 | Train 0.0033 | Val 0.3486
Epoch 23 | Train 0.0029 | Val 0.3558
Epoch 24 | Train 0.0028 | Val 0.3518
Epoch 25 | Train 0.0029 | Val 0.3526
Epoch 26 | Train 0.0030 | Val 0.3517
Epoch 27 | Train 0.0031 | Val 0.3541
Epoch 28 | Train 0.0026 | Val 0.3558
Epoch 29 | Train 0.0021 | Val 0.3585
Epoch 30 | Train 0.0026 | Val 0.3537
Epoch 31 | Train 0.0028 | Val 0.3578
Epoch 32 | Train 0.0029 | Val 0.3568
Epoch 33 | Train 0.0023 | Val 0.3533
Epoch 34 | Train 0.0017 | Val 0.3648
Epoch 35 | Train 0.0026 | Val 0.3592
Epoch 36 | Train 0.0019 | Val 0.3589
Epoch 37 | Train 0.0023 | Val 0.3660
Epoch 38 | Train 0.0018 | Val 0.3615
Epoch 39 | Train 0.0019 | Val 0.3686
Epoch 40 | Train 0.0015 | Val 0.3694
Epoch 41 | Train 0.0013 | Val 0.3683
Epoch 42 | Train 0.0018 | Val 0.3720
Epoch 43 | Train 0.0015 | Val 0.3735
Epoch 44 | Train 0.0016 | Val 0.3713
Epoch 45 | Train 0.0013 | Val 0.3740
Epoch 46 | Train 0.0013 | Val 0.3721
Epoch 47 | Train 0.0010 | Val 0.3780
Epoch 48 | Train 0.0018 | Val 0.3760
Epoch 49 | Train 0.0024 | Val 0.3797
Epoch 50 | Train 0.0014 | Val 0.3776
Epoch 51 | Train 0.0011 | Val 0.3855
Epoch 52 | Train 0.0018 | Val 0.3821
Epoch 53 | Train 0.0011 | Val 0.3849
Epoch 54 | Train 0.0012 | Val 0.3856
Epoch 55 | Train 0.0013 | Val 0.3838
Epoch 56 | Train 0.0009 | Val 0.3803
Epoch 57 | Train 0.0015 | Val 0.3816
Epoch 58 | Train 0.0010 | Val 0.3842
Epoch 59 | Train 0.0012 | Val 0.3908
Epoch 60 | Train 0.0011 | Val 0.3851
Epoch 61 | Train 0.0008 | Val 0.3842
Epoch 62 | Train 0.0010 | Val 0.3874
Epoch 63 | Train 0.0008 | Val 0.3855
Epoch 64 | Train 0.0017 | Val 0.3854
Epoch 65 | Train 0.0014 | Val 0.3873
Epoch 66 | Train 0.0008 | Val 0.3890
Epoch 67 | Train 0.0015 | Val 0.3849
Epoch 68 | Train 0.0018 | Val 0.3909
Epoch 69 | Train 0.0010 | Val 0.3884
Epoch 70 | Train 0.0011 | Val 0.3898
Epoch 71 | Train 0.0008 | Val 0.3948
Epoch 72 | Train 0.0011 | Val 0.3863
Epoch 73 | Train 0.0011 | Val 0.3924
Epoch 74 | Train 0.0014 | Val 0.3900
Epoch 75 | Train 0.0008 | Val 0.3874
Epoch 76 | Train 0.0015 | Val 0.3891
Epoch 77 | Train 0.0016 | Val 0.3877
Epoch 78 | Train 0.0007 | Val 0.3932
Epoch 79 | Train 0.0013 | Val 0.3977
Epoch 80 | Train 0.0019 | Val 0.3908
Epoch 81 | Train 0.0007 | Val 0.3920
Epoch 82 | Train 0.0016 | Val 0.3855
Epoch 83 | Train 0.0005 | Val 0.3904
Epoch 84 | Train 0.0014 | Val 0.3950
Epoch 85 | Train 0.0009 | Val 0.3864
Epoch 86 | Train 0.0009 | Val 0.3891
Epoch 87 | Train 0.0010 | Val 0.3920
Epoch 88 | Train 0.0008 | Val 0.3933
Epoch 89 | Train 0.0007 | Val 0.3956
Epoch 90 | Train 0.0010 | Val 0.3972
Epoch 91 | Train 0.0012 | Val 0.3923
Epoch 92 | Train 0.0007 | Val 0.3918
Epoch 93 | Train 0.0013 | Val 0.3927
Epoch 94 | Train 0.0005 | Val 0.3967
Epoch 95 | Train 0.0012 | Val 0.4002
Epoch 96 | Train 0.0008 | Val 0.4003
Epoch 97 | Train 0.0013 | Val 0.3960
Epoch 98 | Train 0.0008 | Val 0.3925
Epoch 99 | Train 0.0010 | Val 0.3949
Epoch 100 | Train 0.0007 | Val 0.3968

=== Lion ===
Epoch 01 | Train 3.7296 | Val 1.1301
Epoch 02 | Train 1.0683 | Val 0.6282
Epoch 03 | Train 0.6801 | Val 0.4500
Epoch 04 | Train 0.4875 | Val 0.3693
Epoch 05 | Train 0.3668 | Val 0.3275
Epoch 06 | Train 0.2884 | Val 0.3081
Epoch 07 | Train 0.2410 | Val 0.3013
Epoch 08 | Train 0.2135 | Val 0.3001
Epoch 09 | Train 0.2035 | Val 0.3069
Epoch 10 | Train 0.2071 | Val 0.3149
Epoch 11 | Train 0.2199 | Val 0.3269
Epoch 12 | Train 0.2388 | Val 0.3390
Epoch 13 | Train 0.2602 | Val 0.3582
Epoch 14 | Train 0.2847 | Val 0.3708
Epoch 15 | Train 0.3102 | Val 0.3927
Epoch 16 | Train 0.3430 | Val 0.4160
Epoch 17 | Train 0.3677 | Val 0.4306
Epoch 18 | Train 0.3885 | Val 0.4536
Epoch 19 | Train 0.4107 | Val 0.4654
Epoch 20 | Train 0.4278 | Val 0.4850
Epoch 21 | Train 0.4383 | Val 0.4881
Epoch 22 | Train 0.4452 | Val 0.4924
Epoch 23 | Train 0.4522 | Val 0.5103
Epoch 24 | Train 0.4619 | Val 0.5156
Epoch 25 | Train 0.4727 | Val 0.5265
Epoch 26 | Train 0.4774 | Val 0.5314
Epoch 27 | Train 0.4772 | Val 0.5443
Epoch 28 | Train 0.4817 | Val 0.5533
Epoch 29 | Train 0.4878 | Val 0.5607
Epoch 30 | Train 0.4909 | Val 0.5651
Epoch 31 | Train 0.4929 | Val 0.5716
Epoch 32 | Train 0.4952 | Val 0.5803
Epoch 33 | Train 0.5015 | Val 0.5867
Epoch 34 | Train 0.4984 | Val 0.5863
Epoch 35 | Train 0.5014 | Val 0.5956
Epoch 36 | Train 0.5069 | Val 0.6024
Epoch 37 | Train 0.5063 | Val 0.6061
Epoch 38 | Train 0.5111 | Val 0.6140
Epoch 39 | Train 0.5096 | Val 0.6116
Epoch 40 | Train 0.5113 | Val 0.6169
Epoch 41 | Train 0.5134 | Val 0.6304
Epoch 42 | Train 0.5107 | Val 0.6301
Epoch 43 | Train 0.5182 | Val 0.6442
Epoch 44 | Train 0.5203 | Val 0.6412
Epoch 45 | Train 0.5220 | Val 0.6446
Epoch 46 | Train 0.5217 | Val 0.6487
Epoch 47 | Train 0.5208 | Val 0.6539
Epoch 48 | Train 0.5257 | Val 0.6637
Epoch 49 | Train 0.5298 | Val 0.6687
Epoch 50 | Train 0.5300 | Val 0.6812
Epoch 51 | Train 0.5339 | Val 0.6909
Epoch 52 | Train 0.5383 | Val 0.6864
Epoch 53 | Train 0.5412 | Val 0.7080
Epoch 54 | Train 0.5397 | Val 0.6980
Epoch 55 | Train 0.5415 | Val 0.7047
Epoch 56 | Train 0.5423 | Val 0.7121
Epoch 57 | Train 0.5475 | Val 0.7179
Epoch 58 | Train 0.5499 | Val 0.7271
Epoch 59 | Train 0.5553 | Val 0.7288
Epoch 60 | Train 0.5622 | Val 0.7412
Epoch 61 | Train 0.5658 | Val 0.7448
Epoch 62 | Train 0.5667 | Val 0.7651
Epoch 63 | Train 0.5717 | Val 0.7478
Epoch 64 | Train 0.5699 | Val 0.7590
Epoch 65 | Train 0.5800 | Val 0.7771
Epoch 66 | Train 0.5815 | Val 0.7752
Epoch 67 | Train 0.5844 | Val 0.7852
Epoch 68 | Train 0.5877 | Val 0.8050
Epoch 69 | Train 0.5915 | Val 0.7935
Epoch 70 | Train 0.5946 | Val 0.8079
Epoch 71 | Train 0.5993 | Val 0.8103
Epoch 72 | Train 0.6033 | Val 0.8139
Epoch 73 | Train 0.6110 | Val 0.8324
Epoch 74 | Train 0.6174 | Val 0.8440
Epoch 75 | Train 0.6179 | Val 0.8436
Epoch 76 | Train 0.6236 | Val 0.8556
Epoch 77 | Train 0.6285 | Val 0.8573
Epoch 78 | Train 0.6362 | Val 0.8672
Epoch 79 | Train 0.6405 | Val 0.8829
Epoch 80 | Train 0.6434 | Val 0.8851
Epoch 81 | Train 0.6458 | Val 0.9020
Epoch 82 | Train 0.6479 | Val 0.9066
Epoch 83 | Train 0.6517 | Val 0.8982
Epoch 84 | Train 0.6526 | Val 0.9154
Epoch 85 | Train 0.6606 | Val 0.9263
Epoch 86 | Train 0.6613 | Val 0.9086
Epoch 87 | Train 0.6654 | Val 0.9376
Epoch 88 | Train 0.6750 | Val 0.9426
Epoch 89 | Train 0.6745 | Val 0.9398
Epoch 90 | Train 0.6778 | Val 0.9555
Epoch 91 | Train 0.6839 | Val 0.9610
Epoch 92 | Train 0.6900 | Val 0.9710
Epoch 93 | Train 0.6921 | Val 0.9804
Epoch 94 | Train 0.6953 | Val 0.9812
Epoch 95 | Train 0.6999 | Val 0.9756
Epoch 96 | Train 0.7024 | Val 0.9809
Epoch 97 | Train 0.7051 | Val 0.9943
Epoch 98 | Train 0.7061 | Val 1.0172
Epoch 99 | Train 0.7107 | Val 1.0058
Epoch 100 | Train 0.7141 | Val 1.0105

=== Muon ===
Epoch 01 | Train 8.6014 | Val 7.4641
Epoch 02 | Train 7.3484 | Val 6.8940
Epoch 03 | Train 6.9230 | Val 6.5219
Epoch 04 | Train 5.9235 | Val 4.9536
Epoch 05 | Train 4.9306 | Val 4.3510
Epoch 06 | Train 4.3944 | Val 3.8514
Epoch 07 | Train 3.9525 | Val 3.4286
Epoch 08 | Train 3.5698 | Val 3.0622
Epoch 09 | Train 3.2297 | Val 2.7452
Epoch 10 | Train 2.9273 | Val 2.4696
Epoch 11 | Train 2.6600 | Val 2.2311
Epoch 12 | Train 2.4257 | Val 2.0232
Epoch 13 | Train 2.2197 | Val 1.8416
Epoch 14 | Train 2.0377 | Val 1.6827
Epoch 15 | Train 1.8767 | Val 1.5432
Epoch 16 | Train 1.7339 | Val 1.4204
Epoch 17 | Train 1.6061 | Val 1.3109
Epoch 18 | Train 1.4906 | Val 1.2129
Epoch 19 | Train 1.3863 | Val 1.1267
Epoch 20 | Train 1.2909 | Val 1.0472
Epoch 21 | Train 1.2047 | Val 0.9764
Epoch 22 | Train 1.1257 | Val 0.9108
Epoch 23 | Train 1.0530 | Val 0.8513
Epoch 24 | Train 0.9858 | Val 0.7968
Epoch 25 | Train 0.9240 | Val 0.7465
Epoch 26 | Train 0.8668 | Val 0.6994
Epoch 27 | Train 0.8135 | Val 0.6567
Epoch 28 | Train 0.7642 | Val 0.6170
Epoch 29 | Train 0.7184 | Val 0.5796
Epoch 30 | Train 0.6749 | Val 0.5453
Epoch 31 | Train 0.6350 | Val 0.5142
Epoch 32 | Train 0.5976 | Val 0.4839
Epoch 33 | Train 0.5617 | Val 0.4555
Epoch 34 | Train 0.5283 | Val 0.4296
Epoch 35 | Train 0.4974 | Val 0.4054
Epoch 36 | Train 0.4683 | Val 0.3837
Epoch 37 | Train 0.4416 | Val 0.3630
Epoch 38 | Train 0.4165 | Val 0.3435
Epoch 39 | Train 0.3924 | Val 0.3253
Epoch 40 | Train 0.3705 | Val 0.3092
Epoch 41 | Train 0.3499 | Val 0.2936
Epoch 42 | Train 0.3310 | Val 0.2801
Epoch 43 | Train 0.3140 | Val 0.2675
Epoch 44 | Train 0.2983 | Val 0.2551
Epoch 45 | Train 0.2842 | Val 0.2444
Epoch 46 | Train 0.2707 | Val 0.2354
Epoch 47 | Train 0.2586 | Val 0.2277
Epoch 48 | Train 0.2482 | Val 0.2206
Epoch 49 | Train 0.2398 | Val 0.2148
Epoch 50 | Train 0.2319 | Val 0.2099
Epoch 51 | Train 0.2251 | Val 0.2061
Epoch 52 | Train 0.2191 | Val 0.2036
Epoch 53 | Train 0.2140 | Val 0.2018
Epoch 54 | Train 0.2107 | Val 0.2000
Epoch 55 | Train 0.2070 | Val 0.1986
Epoch 56 | Train 0.2041 | Val 0.1981
Epoch 57 | Train 0.2019 | Val 0.1979
Epoch 58 | Train 0.1991 | Val 0.1972
Epoch 59 | Train 0.1977 | Val 0.1969
Epoch 60 | Train 0.1950 | Val 0.1969
Epoch 61 | Train 0.1935 | Val 0.1977
Epoch 62 | Train 0.1920 | Val 0.1968
Epoch 63 | Train 0.1906 | Val 0.1969
Epoch 64 | Train 0.1891 | Val 0.1975
Epoch 65 | Train 0.1874 | Val 0.1976
Epoch 66 | Train 0.1865 | Val 0.1985
Epoch 67 | Train 0.1852 | Val 0.1986
Epoch 68 | Train 0.1837 | Val 0.1997
Epoch 69 | Train 0.1825 | Val 0.1993
Epoch 70 | Train 0.1814 | Val 0.2000
Epoch 71 | Train 0.1801 | Val 0.2005
Epoch 72 | Train 0.1793 | Val 0.2003
Epoch 73 | Train 0.1777 | Val 0.2008
Epoch 74 | Train 0.1769 | Val 0.2018
Epoch 75 | Train 0.1755 | Val 0.2022
Epoch 76 | Train 0.1744 | Val 0.2023
Epoch 77 | Train 0.1735 | Val 0.2040
Epoch 78 | Train 0.1718 | Val 0.2043
Epoch 79 | Train 0.1708 | Val 0.2060
Epoch 80 | Train 0.1699 | Val 0.2045
Epoch 81 | Train 0.1686 | Val 0.2072
Epoch 82 | Train 0.1678 | Val 0.2077
Epoch 83 | Train 0.1666 | Val 0.2069
Epoch 84 | Train 0.1651 | Val 0.2073
Epoch 85 | Train 0.1642 | Val 0.2114
Epoch 86 | Train 0.1634 | Val 0.2094
Epoch 87 | Train 0.1620 | Val 0.2109
Epoch 88 | Train 0.1609 | Val 0.2128
Epoch 89 | Train 0.1599 | Val 0.2132
Epoch 90 | Train 0.1589 | Val 0.2129
Epoch 91 | Train 0.1576 | Val 0.2150
Epoch 92 | Train 0.1568 | Val 0.2159
Epoch 93 | Train 0.1557 | Val 0.2178
Epoch 94 | Train 0.1546 | Val 0.2169
Epoch 95 | Train 0.1532 | Val 0.2196
Epoch 96 | Train 0.1525 | Val 0.2236
Epoch 97 | Train 0.1514 | Val 0.2204
Epoch 98 | Train 0.1506 | Val 0.2203
Epoch 99 | Train 0.1493 | Val 0.2255
Epoch 100 | Train 0.1480 | Val 0.2267
